<?xml version="1.0" encoding="UTF-8"?>
<testsuite name="com.zupapp.tests.InstanceResourceTest" time="0.023" tests="1" errors="1" skipped="0" failures="0">
  <properties>
[...]
</properties>
  <testcase name="initializationError" classname="com.zupapp.tests.InstanceResourceTest" time="0.023">
    <error message="Unable to find a @SpringBootConfiguration, you need to use @ContextConfiguration or @SpringBootTest(classes=...) with your test" type="java.lang.IllegalStateException"><![CDATA[java.lang.IllegalStateException: Unable to find a @SpringBootConfiguration, you need to use @ContextConfiguration or @SpringBootTest(classes=...) with your test
	at org.springframework.util.Assert.state(Assert.java:640)
	at org.springframework.boot.test.context.SpringBootTestContextBootstrapper.getOrFindConfigurationClasses(SpringBootTestContextBootstrapper.java:173)
	at org.springframework.boot.test.context.SpringBootTestContextBootstrapper.processMergedContextConfiguration(SpringBootTestContextBootstrapper.java:133)
	at org.springframework.test.context.support.AbstractTestContextBootstrapper.buildMergedContextConfiguration(AbstractTestContextBootstrapper.java:407)
	at org.springframework.test.context.support.AbstractTestContextBootstrapper.buildDefaultMergedContextConfiguration(AbstractTestContextBootstrapper.java:323)
	at org.springframework.test.context.support.AbstractTestContextBootstrapper.buildMergedContextConfiguration(AbstractTestContextBootstrapper.java:277)
	at org.springframework.test.context.support.AbstractTestContextBootstrapper.buildTestContext(AbstractTestContextBootstrapper.java:112)
	at org.springframework.boot.test.context.SpringBootTestContextBootstrapper.buildTestContext(SpringBootTestContextBootstrapper.java:78)
	at org.springframework.test.context.TestContextManager.<init>(TestContextManager.java:135)
	at org.springframework.test.context.TestContextManager.<init>(TestContextManager.java:120)
	at org.springframework.test.context.junit4.SpringJUnit4ClassRunner.createTestContextManager(SpringJUnit4ClassRunner.java:150)
	at org.springframework.test.context.junit4.SpringJUnit4ClassRunner.<init>(SpringJUnit4ClassRunner.java:141)
	at org.springframework.test.context.junit4.SpringRunner.<init>(SpringRunner.java:49)
	at sun.reflect.NativeConstructorAccessorImpl.newInstance0(Native Method)
	at sun.reflect.NativeConstructorAccessorImpl.newInstance(NativeConstructorAccessorImpl.java:62)
	at sun.reflect.DelegatingConstructorAccessorImpl.newInstance(DelegatingConstructorAccessorImpl.java:45)
	at java.lang.reflect.Constructor.newInstance(Constructor.java:423)
	at org.junit.internal.builders.AnnotatedBuilder.buildRunner(AnnotatedBuilder.java:104)
	at org.junit.internal.builders.AnnotatedBuilder.runnerForClass(AnnotatedBuilder.java:86)
	at org.junit.runners.model.RunnerBuilder.safeRunnerForClass(RunnerBuilder.java:59)
	at org.junit.internal.builders.AllDefaultPossibilitiesBuilder.runnerForClass(AllDefaultPossibilitiesBuilder.java:26)
	at org.junit.runners.model.RunnerBuilder.safeRunnerForClass(RunnerBuilder.java:59)
	at org.junit.internal.requests.ClassRequest.getRunner(ClassRequest.java:33)
	at org.apache.maven.surefire.junit4.JUnit4Provider.execute(JUnit4Provider.java:283)
	at org.apache.maven.surefire.junit4.JUnit4Provider.executeWithRerun(JUnit4Provider.java:173)
	at org.apache.maven.surefire.junit4.JUnit4Provider.executeTestSet(JUnit4Provider.java:153)
	at org.apache.maven.surefire.junit4.JUnit4Provider.invoke(JUnit4Provider.java:128)
	at org.apache.maven.surefire.booter.ForkedBooter.invokeProviderInSameClassLoader(ForkedBooter.java:203)
	at org.apache.maven.surefire.booter.ForkedBooter.runSuitesInProcess(ForkedBooter.java:155)
	at org.apache.maven.surefire.booter.ForkedBooter.main(ForkedBooter.java:103)
]]></error>
    <system-out><![CDATA[19:00:15.689 [main] DEBUG org.springframework.test.context.junit4.SpringJUnit4ClassRunner - SpringJUnit4ClassRunner constructor called with [class com.zupapp.tests.InstanceResourceTest]
19:00:15.700 [main] DEBUG org.springframework.test.context.BootstrapUtils - Instantiating CacheAwareContextLoaderDelegate from class [org.springframework.test.context.cache.DefaultCacheAwareContextLoaderDelegate]
19:00:15.716 [main] DEBUG org.springframework.test.context.BootstrapUtils - Instantiating BootstrapContext using constructor [public org.springframework.test.context.support.DefaultBootstrapContext(java.lang.Class,org.springframework.test.context.CacheAwareContextLoaderDelegate)]
19:00:15.828 [main] DEBUG org.springframework.test.context.BootstrapUtils - Instantiating TestContextBootstrapper for test class [com.zupapp.tests.InstanceResourceTest] from class [org.springframework.boot.test.context.SpringBootTestContextBootstrapper]
19:00:15.851 [main] INFO org.springframework.boot.test.context.SpringBootTestContextBootstrapper - Neither @ContextConfiguration nor @ContextHierarchy found for test class [com.zupapp.tests.InstanceResourceTest], using SpringBootContextLoader
19:00:15.858 [main] DEBUG org.springframework.test.context.support.AbstractContextLoader - Did not detect default resource location for test class [com.zupapp.tests.InstanceResourceTest]: class path resource [com/zupapp/tests/InstanceResourceTest-context.xml] does not exist
19:00:15.859 [main] DEBUG org.springframework.test.context.support.AbstractContextLoader - Did not detect default resource location for test class [com.zupapp.tests.InstanceResourceTest]: class path resource [com/zupapp/tests/InstanceResourceTestContext.groovy] does not exist
19:00:15.859 [main] INFO org.springframework.test.context.support.AbstractContextLoader - Could not detect default resource locations for test class [com.zupapp.tests.InstanceResourceTest]: no resource found for suffixes {-context.xml, Context.groovy}.
19:00:15.860 [main] INFO org.springframework.test.context.support.AnnotationConfigContextLoaderUtils - Could not detect default configuration classes for test class [com.zupapp.tests.InstanceResourceTest]: InstanceResourceTest does not declare any static, non-private, non-final, nested classes annotated with @Configuration.
19:00:15.967 [main] DEBUG org.springframework.test.context.support.ActiveProfilesUtils - Could not find an 'annotation declaring class' for annotation type [org.springframework.test.context.ActiveProfiles] and class [com.zupapp.tests.InstanceResourceTest]
19:00:15.974 [main] DEBUG org.springframework.core.env.StandardEnvironment - Adding [systemProperties] PropertySource with lowest search precedence
19:00:15.975 [main] DEBUG org.springframework.core.env.StandardEnvironment - Adding [systemEnvironment] PropertySource with lowest search precedence
19:00:15.975 [main] DEBUG org.springframework.core.env.StandardEnvironment - Initialized StandardEnvironment with PropertySources [systemProperties,systemEnvironment]
19:00:15.992 [main] DEBUG org.springframework.core.io.support.PathMatchingResourcePatternResolver - Resolved classpath location [com/zupapp/tests/] to resources [URL [file:/Users/thiagomiceli/development/eclipse_workspace/ZupApp/target/test-classes/com/zupapp/tests/]]
19:00:15.992 [main] DEBUG org.springframework.core.io.support.PathMatchingResourcePatternResolver - Looking for matching resources in directory tree [/Users/thiagomiceli/development/eclipse_workspace/ZupApp/target/test-classes/com/zupapp/tests]
19:00:15.993 [main] DEBUG org.springframework.core.io.support.PathMatchingResourcePatternResolver - Searching directory [/Users/thiagomiceli/development/eclipse_workspace/ZupApp/target/test-classes/com/zupapp/tests] for files matching pattern [/Users/thiagomiceli/development/eclipse_workspace/ZupApp/target/test-classes/com/zupapp/tests/*.class]
19:00:15.999 [main] DEBUG org.springframework.core.io.support.PathMatchingResourcePatternResolver - Resolved location pattern [classpath*:com/zupapp/tests/*.class] to resources [file [/Users/thiagomiceli/development/eclipse_workspace/ZupApp/target/test-classes/com/zupapp/tests/InstanceResourceTest.class]]
19:00:16.017 [main] DEBUG org.springframework.core.io.support.PathMatchingResourcePatternResolver - Resolved classpath location [com/zupapp/] to resources [URL [file:/Users/thiagomiceli/development/eclipse_workspace/ZupApp/target/test-classes/com/zupapp/]]
19:00:16.017 [main] DEBUG org.springframework.core.io.support.PathMatchingResourcePatternResolver - Looking for matching resources in directory tree [/Users/thiagomiceli/development/eclipse_workspace/ZupApp/target/test-classes/com/zupapp]
19:00:16.018 [main] DEBUG org.springframework.core.io.support.PathMatchingResourcePatternResolver - Searching directory [/Users/thiagomiceli/development/eclipse_workspace/ZupApp/target/test-classes/com/zupapp] for files matching pattern [/Users/thiagomiceli/development/eclipse_workspace/ZupApp/target/test-classes/com/zupapp/*.class]
19:00:16.018 [main] DEBUG org.springframework.core.io.support.PathMatchingResourcePatternResolver - Resolved location pattern [classpath*:com/zupapp/*.class] to resources []
19:00:16.020 [main] DEBUG org.springframework.core.io.support.PathMatchingResourcePatternResolver - Resolved classpath location [com/] to resources [URL [jar:file:/System/Library/Java/Extensions/dns_sd.jar!/com/], URL [jar:file:/System/Library/Java/Extensions/j3daudio.jar!/com/], URL [jar:file:/System/Library/Java/Extensions/j3dutils.jar!/com/], URL [jar:file:/System/Library/Java/Extensions/jai_codec.jar!/com/], URL [jar:file:/System/Library/Java/Extensions/jai_core.jar!/com/], URL [jar:file:/System/Library/Java/Extensions/MRJToolkit.jar!/com/], URL [file:/Users/thiagomiceli/development/eclipse_workspace/ZupApp/target/test-classes/com/], URL [file:/Users/thiagomiceli/development/eclipse_workspace/ZupApp/target/classes/com/], URL [jar:file:/Users/thiagomiceli/.m2/repository/org/mongodb/mongo-java-driver/3.4.1/mongo-java-driver-3.4.1.jar!/com/], URL [jar:file:/Users/thiagomiceli/.m2/repository/net/java/dev/jna/jna/4.2.2/jna-4.2.2.jar!/com/], URL [jar:file:/Users/thiagomiceli/.m2/repository/net/java/dev/jna/jna-platform/4.0.0/jna-platform-4.0.0.jar!/com/], URL [jar:file:/Users/thiagomiceli/.m2/repository/com/fasterxml/classmate/1.3.3/classmate-1.3.3.jar!/com/], URL [jar:file:/Users/thiagomiceli/.m2/repository/com/fasterxml/jackson/core/jackson-databind/2.8.5/jackson-databind-2.8.5.jar!/com/], URL [jar:file:/Users/thiagomiceli/.m2/repository/com/fasterxml/jackson/core/jackson-annotations/2.8.5/jackson-annotations-2.8.5.jar!/com/], URL [jar:file:/Users/thiagomiceli/.m2/repository/com/fasterxml/jackson/core/jackson-core/2.8.5/jackson-core-2.8.5.jar!/com/], URL [jar:file:/Users/thiagomiceli/.m2/repository/org/glassfish/jersey/core/jersey-server/2.25/jersey-server-2.25.jar!/com/], URL [jar:file:/Users/thiagomiceli/.m2/repository/org/glassfish/hk2/hk2-core/2.5.0-b30/hk2-core-2.5.0-b30.jar!/com/], URL [jar:file:/Users/thiagomiceli/.m2/repository/com/fasterxml/jackson/jaxrs/jackson-jaxrs-base/2.8.5/jackson-jaxrs-base-2.8.5.jar!/com/], URL [jar:file:/Users/thiagomiceli/.m2/repository/com/fasterxml/jackson/jaxrs/jackson-jaxrs-json-provider/2.8.5/jackson-jaxrs-json-provider-2.8.5.jar!/com/], URL [jar:file:/Users/thiagomiceli/.m2/repository/com/fasterxml/jackson/module/jackson-module-jaxb-annotations/2.8.5/jackson-module-jaxb-annotations-2.8.5.jar!/com/], URL [jar:file:/Users/thiagomiceli/.m2/repository/com/jayway/jsonpath/json-path/2.2.0/json-path-2.2.0.jar!/com/]]
19:00:16.021 [main] DEBUG org.springframework.core.io.support.PathMatchingResourcePatternResolver - Looking for matching resources in jar file [file:/System/Library/Java/Extensions/dns_sd.jar]
19:00:16.022 [main] DEBUG org.springframework.core.io.support.PathMatchingResourcePatternResolver - Looking for matching resources in jar file [file:/System/Library/Java/Extensions/j3daudio.jar]
19:00:16.029 [main] DEBUG org.springframework.core.io.support.PathMatchingResourcePatternResolver - Looking for matching resources in jar file [file:/System/Library/Java/Extensions/j3dutils.jar]
19:00:16.047 [main] DEBUG org.springframework.core.io.support.PathMatchingResourcePatternResolver - Looking for matching resources in jar file [file:/System/Library/Java/Extensions/jai_codec.jar]
19:00:16.050 [main] DEBUG org.springframework.core.io.support.PathMatchingResourcePatternResolver - Looking for matching resources in jar file [file:/System/Library/Java/Extensions/jai_core.jar]
19:00:16.066 [main] DEBUG org.springframework.core.io.support.PathMatchingResourcePatternResolver - Looking for matching resources in jar file [file:/System/Library/Java/Extensions/MRJToolkit.jar]
19:00:16.067 [main] DEBUG org.springframework.core.io.support.PathMatchingResourcePatternResolver - Looking for matching resources in directory tree [/Users/thiagomiceli/development/eclipse_workspace/ZupApp/target/test-classes/com]
19:00:16.067 [main] DEBUG org.springframework.core.io.support.PathMatchingResourcePatternResolver - Searching directory [/Users/thiagomiceli/development/eclipse_workspace/ZupApp/target/test-classes/com] for files matching pattern [/Users/thiagomiceli/development/eclipse_workspace/ZupApp/target/test-classes/com/*.class]
19:00:16.068 [main] DEBUG org.springframework.core.io.support.PathMatchingResourcePatternResolver - Looking for matching resources in directory tree [/Users/thiagomiceli/development/eclipse_workspace/ZupApp/target/classes/com]
19:00:16.068 [main] DEBUG org.springframework.core.io.support.PathMatchingResourcePatternResolver - Searching directory [/Users/thiagomiceli/development/eclipse_workspace/ZupApp/target/classes/com] for files matching pattern [/Users/thiagomiceli/development/eclipse_workspace/ZupApp/target/classes/com/*.class]
19:00:16.070 [main] DEBUG org.springframework.core.io.support.PathMatchingResourcePatternResolver - Looking for matching resources in jar file [file:/Users/thiagomiceli/.m2/repository/org/mongodb/mongo-java-driver/3.4.1/mongo-java-driver-3.4.1.jar]
19:00:16.085 [main] DEBUG org.springframework.core.io.support.PathMatchingResourcePatternResolver - Looking for matching resources in jar file [file:/Users/thiagomiceli/.m2/repository/net/java/dev/jna/jna/4.2.2/jna-4.2.2.jar]
19:00:16.086 [main] DEBUG org.springframework.core.io.support.PathMatchingResourcePatternResolver - Looking for matching resources in jar file [file:/Users/thiagomiceli/.m2/repository/net/java/dev/jna/jna-platform/4.0.0/jna-platform-4.0.0.jar]
19:00:16.089 [main] DEBUG org.springframework.core.io.support.PathMatchingResourcePatternResolver - Looking for matching resources in jar file [file:/Users/thiagomiceli/.m2/repository/com/fasterxml/classmate/1.3.3/classmate-1.3.3.jar]
19:00:16.091 [main] DEBUG org.springframework.core.io.support.PathMatchingResourcePatternResolver - Looking for matching resources in jar file [file:/Users/thiagomiceli/.m2/repository/com/fasterxml/jackson/core/jackson-databind/2.8.5/jackson-databind-2.8.5.jar]
19:00:16.098 [main] DEBUG org.springframework.core.io.support.PathMatchingResourcePatternResolver - Looking for matching resources in jar file [file:/Users/thiagomiceli/.m2/repository/com/fasterxml/jackson/core/jackson-annotations/2.8.5/jackson-annotations-2.8.5.jar]
19:00:16.099 [main] DEBUG org.springframework.core.io.support.PathMatchingResourcePatternResolver - Looking for matching resources in jar file [file:/Users/thiagomiceli/.m2/repository/com/fasterxml/jackson/core/jackson-core/2.8.5/jackson-core-2.8.5.jar]
19:00:16.100 [main] DEBUG org.springframework.core.io.support.PathMatchingResourcePatternResolver - Looking for matching resources in jar file [file:/Users/thiagomiceli/.m2/repository/org/glassfish/jersey/core/jersey-server/2.25/jersey-server-2.25.jar]
19:00:16.103 [main] DEBUG org.springframework.core.io.support.PathMatchingResourcePatternResolver - Looking for matching resources in jar file [file:/Users/thiagomiceli/.m2/repository/org/glassfish/hk2/hk2-core/2.5.0-b30/hk2-core-2.5.0-b30.jar]
19:00:16.104 [main] DEBUG org.springframework.core.io.support.PathMatchingResourcePatternResolver - Looking for matching resources in jar file [file:/Users/thiagomiceli/.m2/repository/com/fasterxml/jackson/jaxrs/jackson-jaxrs-base/2.8.5/jackson-jaxrs-base-2.8.5.jar]
19:00:16.105 [main] DEBUG org.springframework.core.io.support.PathMatchingResourcePatternResolver - Looking for matching resources in jar file [file:/Users/thiagomiceli/.m2/repository/com/fasterxml/jackson/jaxrs/jackson-jaxrs-json-provider/2.8.5/jackson-jaxrs-json-provider-2.8.5.jar]
19:00:16.105 [main] DEBUG org.springframework.core.io.support.PathMatchingResourcePatternResolver - Looking for matching resources in jar file [file:/Users/thiagomiceli/.m2/repository/com/fasterxml/jackson/module/jackson-module-jaxb-annotations/2.8.5/jackson-module-jaxb-annotations-2.8.5.jar]
19:00:16.105 [main] DEBUG org.springframework.core.io.support.PathMatchingResourcePatternResolver - Looking for matching resources in jar file [file:/Users/thiagomiceli/.m2/repository/com/jayway/jsonpath/json-path/2.2.0/json-path-2.2.0.jar]
19:00:16.106 [main] DEBUG org.springframework.core.io.support.PathMatchingResourcePatternResolver - Resolved location pattern [classpath*:com/*.class] to resources []
19:00:16.123 [main] DEBUG org.springframework.test.context.junit4.SpringJUnit4ClassRunner - SpringJUnit4ClassRunner constructor called with [class com.zupapp.tests.InstanceResourceTest]
19:00:16.126 [main] DEBUG org.springframework.test.context.BootstrapUtils - Instantiating CacheAwareContextLoaderDelegate from class [org.springframework.test.context.cache.DefaultCacheAwareContextLoaderDelegate]
19:00:16.128 [main] DEBUG org.springframework.test.context.BootstrapUtils - Instantiating BootstrapContext using constructor [public org.springframework.test.context.support.DefaultBootstrapContext(java.lang.Class,org.springframework.test.context.CacheAwareContextLoaderDelegate)]
19:00:16.133 [main] DEBUG org.springframework.test.context.BootstrapUtils - Instantiating TestContextBootstrapper for test class [com.zupapp.tests.InstanceResourceTest] from class [org.springframework.boot.test.context.SpringBootTestContextBootstrapper]
19:00:16.134 [main] INFO org.springframework.boot.test.context.SpringBootTestContextBootstrapper - Neither @ContextConfiguration nor @ContextHierarchy found for test class [com.zupapp.tests.InstanceResourceTest], using SpringBootContextLoader
19:00:16.137 [main] DEBUG org.springframework.test.context.support.AbstractContextLoader - Did not detect default resource location for test class [com.zupapp.tests.InstanceResourceTest]: class path resource [com/zupapp/tests/InstanceResourceTest-context.xml] does not exist
19:00:16.138 [main] DEBUG org.springframework.test.context.support.AbstractContextLoader - Did not detect default resource location for test class [com.zupapp.tests.InstanceResourceTest]: class path resource [com/zupapp/tests/InstanceResourceTestContext.groovy] does not exist
19:00:16.138 [main] INFO org.springframework.test.context.support.AbstractContextLoader - Could not detect default resource locations for test class [com.zupapp.tests.InstanceResourceTest]: no resource found for suffixes {-context.xml, Context.groovy}.
19:00:16.139 [main] INFO org.springframework.test.context.support.AnnotationConfigContextLoaderUtils - Could not detect default configuration classes for test class [com.zupapp.tests.InstanceResourceTest]: InstanceResourceTest does not declare any static, non-private, non-final, nested classes annotated with @Configuration.
19:00:16.158 [main] DEBUG org.springframework.test.context.support.ActiveProfilesUtils - Could not find an 'annotation declaring class' for annotation type [org.springframework.test.context.ActiveProfiles] and class [com.zupapp.tests.InstanceResourceTest]
19:00:16.160 [main] DEBUG org.springframework.core.env.StandardEnvironment - Adding [systemProperties] PropertySource with lowest search precedence
19:00:16.161 [main] DEBUG org.springframework.core.env.StandardEnvironment - Adding [systemEnvironment] PropertySource with lowest search precedence
19:00:16.161 [main] DEBUG org.springframework.core.env.StandardEnvironment - Initialized StandardEnvironment with PropertySources [systemProperties,systemEnvironment]
19:00:16.163 [main] DEBUG org.springframework.core.io.support.PathMatchingResourcePatternResolver - Resolved classpath location [com/zupapp/tests/] to resources [URL [file:/Users/thiagomiceli/development/eclipse_workspace/ZupApp/target/test-classes/com/zupapp/tests/]]
19:00:16.163 [main] DEBUG org.springframework.core.io.support.PathMatchingResourcePatternResolver - Looking for matching resources in directory tree [/Users/thiagomiceli/development/eclipse_workspace/ZupApp/target/test-classes/com/zupapp/tests]
19:00:16.163 [main] DEBUG org.springframework.core.io.support.PathMatchingResourcePatternResolver - Searching directory [/Users/thiagomiceli/development/eclipse_workspace/ZupApp/target/test-classes/com/zupapp/tests] for files matching pattern [/Users/thiagomiceli/development/eclipse_workspace/ZupApp/target/test-classes/com/zupapp/tests/*.class]
19:00:16.165 [main] DEBUG org.springframework.core.io.support.PathMatchingResourcePatternResolver - Resolved location pattern [classpath*:com/zupapp/tests/*.class] to resources [file [/Users/thiagomiceli/development/eclipse_workspace/ZupApp/target/test-classes/com/zupapp/tests/InstanceResourceTest.class]]
19:00:16.168 [main] DEBUG org.springframework.core.io.support.PathMatchingResourcePatternResolver - Resolved classpath location [com/zupapp/] to resources [URL [file:/Users/thiagomiceli/development/eclipse_workspace/ZupApp/target/test-classes/com/zupapp/]]
19:00:16.168 [main] DEBUG org.springframework.core.io.support.PathMatchingResourcePatternResolver - Looking for matching resources in directory tree [/Users/thiagomiceli/development/eclipse_workspace/ZupApp/target/test-classes/com/zupapp]
19:00:16.169 [main] DEBUG org.springframework.core.io.support.PathMatchingResourcePatternResolver - Searching directory [/Users/thiagomiceli/development/eclipse_workspace/ZupApp/target/test-classes/com/zupapp] for files matching pattern [/Users/thiagomiceli/development/eclipse_workspace/ZupApp/target/test-classes/com/zupapp/*.class]
19:00:16.170 [main] DEBUG org.springframework.core.io.support.PathMatchingResourcePatternResolver - Resolved location pattern [classpath*:com/zupapp/*.class] to resources []
19:00:16.171 [main] DEBUG org.springframework.core.io.support.PathMatchingResourcePatternResolver - Resolved classpath location [com/] to resources [URL [jar:file:/System/Library/Java/Extensions/dns_sd.jar!/com/], URL [jar:file:/System/Library/Java/Extensions/j3daudio.jar!/com/], URL [jar:file:/System/Library/Java/Extensions/j3dutils.jar!/com/], URL [jar:file:/System/Library/Java/Extensions/jai_codec.jar!/com/], URL [jar:file:/System/Library/Java/Extensions/jai_core.jar!/com/], URL [jar:file:/System/Library/Java/Extensions/MRJToolkit.jar!/com/], URL [file:/Users/thiagomiceli/development/eclipse_workspace/ZupApp/target/test-classes/com/], URL [file:/Users/thiagomiceli/development/eclipse_workspace/ZupApp/target/classes/com/], URL [jar:file:/Users/thiagomiceli/.m2/repository/org/mongodb/mongo-java-driver/3.4.1/mongo-java-driver-3.4.1.jar!/com/], URL [jar:file:/Users/thiagomiceli/.m2/repository/net/java/dev/jna/jna/4.2.2/jna-4.2.2.jar!/com/], URL [jar:file:/Users/thiagomiceli/.m2/repository/net/java/dev/jna/jna-platform/4.0.0/jna-platform-4.0.0.jar!/com/], URL [jar:file:/Users/thiagomiceli/.m2/repository/com/fasterxml/classmate/1.3.3/classmate-1.3.3.jar!/com/], URL [jar:file:/Users/thiagomiceli/.m2/repository/com/fasterxml/jackson/core/jackson-databind/2.8.5/jackson-databind-2.8.5.jar!/com/], URL [jar:file:/Users/thiagomiceli/.m2/repository/com/fasterxml/jackson/core/jackson-annotations/2.8.5/jackson-annotations-2.8.5.jar!/com/], URL [jar:file:/Users/thiagomiceli/.m2/repository/com/fasterxml/jackson/core/jackson-core/2.8.5/jackson-core-2.8.5.jar!/com/], URL [jar:file:/Users/thiagomiceli/.m2/repository/org/glassfish/jersey/core/jersey-server/2.25/jersey-server-2.25.jar!/com/], URL [jar:file:/Users/thiagomiceli/.m2/repository/org/glassfish/hk2/hk2-core/2.5.0-b30/hk2-core-2.5.0-b30.jar!/com/], URL [jar:file:/Users/thiagomiceli/.m2/repository/com/fasterxml/jackson/jaxrs/jackson-jaxrs-base/2.8.5/jackson-jaxrs-base-2.8.5.jar!/com/], URL [jar:file:/Users/thiagomiceli/.m2/repository/com/fasterxml/jackson/jaxrs/jackson-jaxrs-json-provider/2.8.5/jackson-jaxrs-json-provider-2.8.5.jar!/com/], URL [jar:file:/Users/thiagomiceli/.m2/repository/com/fasterxml/jackson/module/jackson-module-jaxb-annotations/2.8.5/jackson-module-jaxb-annotations-2.8.5.jar!/com/], URL [jar:file:/Users/thiagomiceli/.m2/repository/com/jayway/jsonpath/json-path/2.2.0/json-path-2.2.0.jar!/com/]]
19:00:16.173 [main] DEBUG org.springframework.core.io.support.PathMatchingResourcePatternResolver - Looking for matching resources in jar file [file:/System/Library/Java/Extensions/dns_sd.jar]
19:00:16.174 [main] DEBUG org.springframework.core.io.support.PathMatchingResourcePatternResolver - Looking for matching resources in jar file [file:/System/Library/Java/Extensions/j3daudio.jar]
19:00:16.177 [main] DEBUG org.springframework.core.io.support.PathMatchingResourcePatternResolver - Looking for matching resources in jar file [file:/System/Library/Java/Extensions/j3dutils.jar]
19:00:16.182 [main] DEBUG org.springframework.core.io.support.PathMatchingResourcePatternResolver - Looking for matching resources in jar file [file:/System/Library/Java/Extensions/jai_codec.jar]
19:00:16.183 [main] DEBUG org.springframework.core.io.support.PathMatchingResourcePatternResolver - Looking for matching resources in jar file [file:/System/Library/Java/Extensions/jai_core.jar]
19:00:16.189 [main] DEBUG org.springframework.core.io.support.PathMatchingResourcePatternResolver - Looking for matching resources in jar file [file:/System/Library/Java/Extensions/MRJToolkit.jar]
19:00:16.190 [main] DEBUG org.springframework.core.io.support.PathMatchingResourcePatternResolver - Looking for matching resources in directory tree [/Users/thiagomiceli/development/eclipse_workspace/ZupApp/target/test-classes/com]
19:00:16.190 [main] DEBUG org.springframework.core.io.support.PathMatchingResourcePatternResolver - Searching directory [/Users/thiagomiceli/development/eclipse_workspace/ZupApp/target/test-classes/com] for files matching pattern [/Users/thiagomiceli/development/eclipse_workspace/ZupApp/target/test-classes/com/*.class]
19:00:16.191 [main] DEBUG org.springframework.core.io.support.PathMatchingResourcePatternResolver - Looking for matching resources in directory tree [/Users/thiagomiceli/development/eclipse_workspace/ZupApp/target/classes/com]
19:00:16.192 [main] DEBUG org.springframework.core.io.support.PathMatchingResourcePatternResolver - Searching directory [/Users/thiagomiceli/development/eclipse_workspace/ZupApp/target/classes/com] for files matching pattern [/Users/thiagomiceli/development/eclipse_workspace/ZupApp/target/classes/com/*.class]
19:00:16.194 [main] DEBUG org.springframework.core.io.support.PathMatchingResourcePatternResolver - Looking for matching resources in jar file [file:/Users/thiagomiceli/.m2/repository/org/mongodb/mongo-java-driver/3.4.1/mongo-java-driver-3.4.1.jar]
19:00:16.204 [main] DEBUG org.springframework.core.io.support.PathMatchingResourcePatternResolver - Looking for matching resources in jar file [file:/Users/thiagomiceli/.m2/repository/net/java/dev/jna/jna/4.2.2/jna-4.2.2.jar]
19:00:16.205 [main] DEBUG org.springframework.core.io.support.PathMatchingResourcePatternResolver - Looking for matching resources in jar file [file:/Users/thiagomiceli/.m2/repository/net/java/dev/jna/jna-platform/4.0.0/jna-platform-4.0.0.jar]
19:00:16.210 [main] DEBUG org.springframework.core.io.support.PathMatchingResourcePatternResolver - Looking for matching resources in jar file [file:/Users/thiagomiceli/.m2/repository/com/fasterxml/classmate/1.3.3/classmate-1.3.3.jar]
19:00:16.212 [main] DEBUG org.springframework.core.io.support.PathMatchingResourcePatternResolver - Looking for matching resources in jar file [file:/Users/thiagomiceli/.m2/repository/com/fasterxml/jackson/core/jackson-databind/2.8.5/jackson-databind-2.8.5.jar]
19:00:16.217 [main] DEBUG org.springframework.core.io.support.PathMatchingResourcePatternResolver - Looking for matching resources in jar file [file:/Users/thiagomiceli/.m2/repository/com/fasterxml/jackson/core/jackson-annotations/2.8.5/jackson-annotations-2.8.5.jar]
19:00:16.218 [main] DEBUG org.springframework.core.io.support.PathMatchingResourcePatternResolver - Looking for matching resources in jar file [file:/Users/thiagomiceli/.m2/repository/com/fasterxml/jackson/core/jackson-core/2.8.5/jackson-core-2.8.5.jar]
19:00:16.219 [main] DEBUG org.springframework.core.io.support.PathMatchingResourcePatternResolver - Looking for matching resources in jar file [file:/Users/thiagomiceli/.m2/repository/org/glassfish/jersey/core/jersey-server/2.25/jersey-server-2.25.jar]
19:00:16.221 [main] DEBUG org.springframework.core.io.support.PathMatchingResourcePatternResolver - Looking for matching resources in jar file [file:/Users/thiagomiceli/.m2/repository/org/glassfish/hk2/hk2-core/2.5.0-b30/hk2-core-2.5.0-b30.jar]
19:00:16.222 [main] DEBUG org.springframework.core.io.support.PathMatchingResourcePatternResolver - Looking for matching resources in jar file [file:/Users/thiagomiceli/.m2/repository/com/fasterxml/jackson/jaxrs/jackson-jaxrs-base/2.8.5/jackson-jaxrs-base-2.8.5.jar]
19:00:16.223 [main] DEBUG org.springframework.core.io.support.PathMatchingResourcePatternResolver - Looking for matching resources in jar file [file:/Users/thiagomiceli/.m2/repository/com/fasterxml/jackson/jaxrs/jackson-jaxrs-json-provider/2.8.5/jackson-jaxrs-json-provider-2.8.5.jar]
19:00:16.223 [main] DEBUG org.springframework.core.io.support.PathMatchingResourcePatternResolver - Looking for matching resources in jar file [file:/Users/thiagomiceli/.m2/repository/com/fasterxml/jackson/module/jackson-module-jaxb-annotations/2.8.5/jackson-module-jaxb-annotations-2.8.5.jar]
19:00:16.224 [main] DEBUG org.springframework.core.io.support.PathMatchingResourcePatternResolver - Looking for matching resources in jar file [file:/Users/thiagomiceli/.m2/repository/com/jayway/jsonpath/json-path/2.2.0/json-path-2.2.0.jar]
19:00:16.225 [main] DEBUG org.springframework.core.io.support.PathMatchingResourcePatternResolver - Resolved location pattern [classpath*:com/*.class] to resources []
]]></system-out>
  </testcase>
</testsuite>